# JRE version: OpenJDK Runtime Environment (11.0.6+8) (build 11.0.6+8-b520.43)
# Java VM: OpenJDK 64-Bit Server VM (11.0.6+8-b520.43, mixed mode, tiered, compressed oops, g1 gc, windows-amd64)
Heap:
 garbage-first heap   total 129024K, used 71085K [0x00000000e0000000, 0x0000000100000000)
  region size 1024K, 43 young (44032K), 2 survivors (2048K)
 Metaspace       used 38111K, capacity 38984K, committed 39168K, reserved 288768K
  class space    used 4803K, capacity 5073K, committed 5120K, reserved 253952K
GC Heap History (14 events):
Event: 0.743 GC heap before
{Heap before GC invocations=0 (full 0):
 garbage-first heap   total 129024K, used 16384K [0x00000000e0000000, 0x0000000100000000)
  region size 1024K, 14 young (14336K), 0 survivors (0K)
 Metaspace       used 9603K, capacity 9795K, committed 10112K, reserved 264192K
  class space    used 977K, capacity 1029K, committed 1152K, reserved 253952K
}
Event: 0.748 GC heap after
{Heap after GC invocations=1 (full 0):
 garbage-first heap   total 129024K, used 7274K [0x00000000e0000000, 0x0000000100000000)
  region size 1024K, 2 young (2048K), 2 survivors (2048K)
 Metaspace       used 9603K, capacity 9795K, committed 10112K, reserved 264192K
  class space    used 977K, capacity 1029K, committed 1152K, reserved 253952K
}
Event: 0.996 GC heap before
{Heap before GC invocations=1 (full 0):
 garbage-first heap   total 129024K, used 15466K [0x00000000e0000000, 0x0000000100000000)
  region size 1024K, 10 young (10240K), 2 survivors (2048K)
 Metaspace       used 10669K, capacity 10873K, committed 11008K, reserved 264192K
  class space    used 1125K, capacity 1196K, committed 1280K, reserved 253952K
}
Event: 1.000 GC heap after
{Heap after GC invocations=2 (full 0):
 garbage-first heap   total 129024K, used 7654K [0x00000000e0000000, 0x0000000100000000)
  region size 1024K, 1 young (1024K), 1 survivors (1024K)
 Metaspace       used 10669K, capacity 10873K, committed 11008K, reserved 264192K
  class space    used 1125K, capacity 1196K, committed 1280K, reserved 253952K
}
Event: 1.523 GC heap before
{Heap before GC invocations=2 (full 0):
 garbage-first heap   total 129024K, used 33254K [0x00000000e0000000, 0x0000000100000000)
  region size 1024K, 27 young (27648K), 1 survivors (1024K)
 Metaspace       used 11195K, capacity 11506K, committed 11648K, reserved 264192K
  class space    used 1208K, capacity 1300K, committed 1408K, reserved 253952K
}
Event: 1.527 GC heap after
{Heap after GC invocations=3 (full 0):
 garbage-first heap   total 129024K, used 12004K [0x00000000e0000000, 0x0000000100000000)
  region size 1024K, 4 young (4096K), 4 survivors (4096K)
 Metaspace       used 11195K, capacity 11506K, committed 11648K, reserved 264192K
  class space    used 1208K, capacity 1300K, committed 1408K, reserved 253952K
}
Event: 4.454 GC heap before
{Heap before GC invocations=3 (full 0):
 garbage-first heap   total 129024K, used 57060K [0x00000000e0000000, 0x0000000100000000)
  region size 1024K, 49 young (50176K), 4 survivors (4096K)
 Metaspace       used 20330K, capacity 20793K, committed 20992K, reserved 272384K
  class space    used 2562K, capacity 2721K, committed 2816K, reserved 253952K
}
Event: 4.461 GC heap after
{Heap after GC invocations=4 (full 0):
 garbage-first heap   total 129024K, used 15028K [0x00000000e0000000, 0x0000000100000000)
  region size 1024K, 7 young (7168K), 7 survivors (7168K)
 Metaspace       used 20330K, capacity 20793K, committed 20992K, reserved 272384K
  class space    used 2562K, capacity 2721K, committed 2816K, reserved 253952K
}
Event: 4.515 GC heap before
{Heap before GC invocations=4 (full 0):
 garbage-first heap   total 129024K, used 17076K [0x00000000e0000000, 0x0000000100000000)
  region size 1024K, 10 young (10240K), 7 survivors (7168K)
 Metaspace       used 20681K, capacity 21177K, committed 21248K, reserved 272384K
  class space    used 2611K, capacity 2785K, committed 2816K, reserved 253952K
}
Event: 4.524 GC heap after
{Heap after GC invocations=5 (full 0):
 garbage-first heap   total 129024K, used 15265K [0x00000000e0000000, 0x0000000100000000)
  region size 1024K, 4 young (4096K), 4 survivors (4096K)
 Metaspace       used 20681K, capacity 21177K, committed 21248K, reserved 272384K
  class space    used 2611K, capacity 2785K, committed 2816K, reserved 253952K
}
Event: 7.211 GC heap before
{Heap before GC invocations=6 (full 0):
 garbage-first heap   total 129024K, used 73633K [0x00000000e0000000, 0x0000000100000000)
  region size 1024K, 53 young (54272K), 4 survivors (4096K)
 Metaspace       used 30160K, capacity 30787K, committed 30976K, reserved 282624K
  class space    used 3825K, capacity 4054K, committed 4096K, reserved 253952K
}
Event: 7.221 GC heap after
{Heap after GC invocations=7 (full 0):
 garbage-first heap   total 129024K, used 29421K [0x00000000e0000000, 0x0000000100000000)
  region size 1024K, 7 young (7168K), 7 survivors (7168K)
 Metaspace       used 30160K, capacity 30787K, committed 30976K, reserved 282624K
  class space    used 3825K, capacity 4054K, committed 4096K, reserved 253952K
}
Event: 8.273 GC heap before
{Heap before GC invocations=7 (full 0):
 garbage-first heap   total 129024K, used 72429K [0x00000000e0000000, 0x0000000100000000)
  region size 1024K, 48 young (49152K), 7 survivors (7168K)
 Metaspace       used 35114K, capacity 35784K, committed 35840K, reserved 286720K
  class space    used 4470K, capacity 4714K, committed 4736K, reserved 253952K
}
Event: 8.287 GC heap after
{Heap after GC invocations=8 (full 0):
 garbage-first heap   total 129024K, used 31149K [0x00000000e0000000, 0x0000000100000000)
  region size 1024K, 2 young (2048K), 2 survivors (2048K)
 Metaspace       used 35114K, capacity 35784K, committed 35840K, reserved 286720K
  class space    used 4470K, capacity 4714K, committed 4736K, reserved 253952K
}

